<?xml version="1.0" encoding="UTF-8"?>
<viper xmlns="http://lamp.cfar.umd.edu/viper#" xmlns:data="http://lamp.cfar.umd.edu/viperdata#">
    <config>
        <descriptor name="Information" type="FILE">
            <attribute dynamic="false" name="SOURCETYPE" type="http://lamp.cfar.umd.edu/viperdata#lvalue">
                <data:lvalue-possibles>
                    <data:lvalue-enum value="SEQUENCE"/>
                    <data:lvalue-enum value="FRAMES"/>
                </data:lvalue-possibles>
            </attribute>
            <attribute dynamic="false" name="NUMFRAMES" type="http://lamp.cfar.umd.edu/viperdata#dvalue"/>
            <attribute dynamic="false" name="FRAMERATE" type="http://lamp.cfar.umd.edu/viperdata#fvalue"/>
            <attribute dynamic="false" name="H-FRAME-SIZE" type="http://lamp.cfar.umd.edu/viperdata#dvalue"/>
            <attribute dynamic="false" name="V-FRAME-SIZE" type="http://lamp.cfar.umd.edu/viperdata#dvalue"/>
        </descriptor>
        <descriptor name="Person" type="OBJECT">
            <attribute dynamic="true" name="Location" type="http://lamp.cfar.umd.edu/viperdata#bbox"/>
            <attribute dynamic="false" name="Name" type="http://lamp.cfar.umd.edu/viperdata#svalue"/>
        </descriptor>
    </config>
    <data>
        <sourcefile filename="file:/D:/Mreuss/viper-full-20060131/samples/media/LAMP-Moving.mpeg">
            <file id="0" name="Information">
                <attribute name="SOURCETYPE">
                    <data:lvalue value="FRAMES"/>
                </attribute>
                <attribute name="NUMFRAMES">
                    <data:dvalue value="122"/>
                </attribute>
                <attribute name="FRAMERATE">
                    <data:fvalue value="1.0"/>
                </attribute>
                <attribute name="H-FRAME-SIZE">
                    <data:dvalue value="352"/>
                </attribute>
                <attribute name="V-FRAME-SIZE">
                    <data:dvalue value="240"/>
                </attribute>
            </file>
            <object framespan="1:74" id="0" name="Person">
                <attribute name="Location">
                    <data:bbox framespan="1:1" height="113" width="59"
                        x="215" y="76"/>
                    <data:bbox framespan="2:2" height="113" width="59"
                        x="212" y="76"/>
                    <data:bbox framespan="3:3" height="113" width="59"
                        x="210" y="76"/>
                    <data:bbox framespan="4:4" height="113" width="59"
                        x="207" y="76"/>
                    <data:bbox framespan="5:5" height="113" width="59"
                        x="205" y="76"/>
                    <data:bbox framespan="6:6" height="113" width="59"
                        x="202" y="76"/>
                    <data:bbox framespan="7:7" height="113" width="59"
                        x="200" y="76"/>
                    <data:bbox framespan="8:8" height="114" width="59"
                        x="197" y="76"/>
                    <data:bbox framespan="9:9" height="114" width="60"
                        x="195" y="76"/>
                    <data:bbox framespan="10:10" height="114" width="60"
                        x="192" y="76"/>
                    <data:bbox framespan="11:11" height="114" width="60"
                        x="190" y="76"/>
                    <data:bbox framespan="12:12" height="114" width="60"
                        x="188" y="76"/>
                    <data:bbox framespan="13:13" height="114" width="60"
                        x="185" y="76"/>
                    <data:bbox framespan="14:14" height="114" width="60"
                        x="183" y="76"/>
                    <data:bbox framespan="15:15" height="115" width="60"
                        x="180" y="76"/>
                    <data:bbox framespan="16:16" height="115" width="61"
                        x="178" y="76"/>
                    <data:bbox framespan="17:17" height="115" width="61"
                        x="175" y="76"/>
                    <data:bbox framespan="18:18" height="115" width="61"
                        x="173" y="76"/>
                    <data:bbox framespan="19:19" height="115" width="61"
                        x="170" y="76"/>
                    <data:bbox framespan="20:20" height="115" width="61"
                        x="168" y="76"/>
                    <data:bbox framespan="21:21" height="116" width="61"
                        x="165" y="76"/>
                    <data:bbox framespan="22:22" height="116" width="61"
                        x="163" y="76"/>
                    <data:bbox framespan="23:23" height="116" width="62"
                        x="161" y="76"/>
                    <data:bbox framespan="24:24" height="116" width="62"
                        x="158" y="76"/>
                    <data:bbox framespan="25:25" height="116" width="62"
                        x="156" y="76"/>
                    <data:bbox framespan="26:26" height="116" width="62"
                        x="153" y="77"/>
                    <data:bbox framespan="27:27" height="116" width="62"
                        x="151" y="77"/>
                    <data:bbox framespan="28:28" height="117" width="62"
                        x="148" y="77"/>
                    <data:bbox framespan="29:29" height="117" width="62"
                        x="146" y="77"/>
                    <data:bbox framespan="30:30" height="117" width="62"
                        x="143" y="77"/>
                    <data:bbox framespan="31:31" height="117" width="63"
                        x="141" y="77"/>
                    <data:bbox framespan="32:32" height="117" width="63"
                        x="138" y="77"/>
                    <data:bbox framespan="33:33" height="117" width="63"
                        x="136" y="77"/>
                    <data:bbox framespan="34:34" height="117" width="63"
                        x="134" y="77"/>
                    <data:bbox framespan="35:35" height="118" width="63"
                        x="131" y="77"/>
                    <data:bbox framespan="36:36" height="118" width="63"
                        x="129" y="77"/>
                    <data:bbox framespan="37:37" height="118" width="63"
                        x="126" y="77"/>
                    <data:bbox framespan="38:38" height="118" width="64"
                        x="124" y="77"/>
                    <data:bbox framespan="39:39" height="118" width="64"
                        x="121" y="77"/>
                    <data:bbox framespan="40:40" height="118" width="64"
                        x="119" y="77"/>
                    <data:bbox framespan="41:41" height="119" width="64"
                        x="116" y="77"/>
                    <data:bbox framespan="42:42" height="119" width="64"
                        x="114" y="77"/>
                    <data:bbox framespan="43:43" height="119" width="64"
                        x="112" y="77"/>
                    <data:bbox framespan="44:44" height="119" width="64"
                        x="109" y="77"/>
                    <data:bbox framespan="45:45" height="119" width="65"
                        x="107" y="77"/>
                    <data:bbox framespan="46:46" height="119" width="65"
                        x="104" y="77"/>
                    <data:bbox framespan="47:47" height="119" width="65"
                        x="102" y="77"/>
                    <data:bbox framespan="48:48" height="120" width="65"
                        x="99" y="77"/>
                    <data:bbox framespan="49:49" height="120" width="65"
                        x="97" y="77"/>
                    <data:bbox framespan="50:50" height="120" width="65"
                        x="94" y="78"/>
                    <data:bbox framespan="51:51" height="120" width="65"
                        x="92" y="78"/>
                    <data:bbox framespan="52:52" height="120" width="65"
                        x="89" y="78"/>
                    <data:bbox framespan="53:53" height="120" width="66"
                        x="87" y="78"/>
                    <data:bbox framespan="54:54" height="120" width="66"
                        x="85" y="78"/>
                    <data:bbox framespan="55:55" height="121" width="66"
                        x="82" y="78"/>
                    <data:bbox framespan="56:56" height="121" width="66"
                        x="80" y="78"/>
                    <data:bbox framespan="57:57" height="121" width="66"
                        x="77" y="78"/>
                    <data:bbox framespan="58:58" height="121" width="66"
                        x="75" y="78"/>
                    <data:bbox framespan="59:59" height="121" width="66"
                        x="72" y="78"/>
                    <data:bbox framespan="60:60" height="121" width="67"
                        x="70" y="78"/>
                    <data:bbox framespan="61:61" height="122" width="67"
                        x="67" y="78"/>
                    <data:bbox framespan="62:62" height="122" width="67"
                        x="65" y="78"/>
                    <data:bbox framespan="63:63" height="122" width="67"
                        x="62" y="78"/>
                    <data:bbox framespan="64:64" height="122" width="67"
                        x="60" y="78"/>
                    <data:bbox framespan="65:65" height="122" width="67"
                        x="58" y="78"/>
                    <data:bbox framespan="66:66" height="122" width="67"
                        x="55" y="78"/>
                    <data:bbox framespan="67:67" height="122" width="68"
                        x="53" y="78"/>
                    <data:bbox framespan="68:68" height="123" width="68"
                        x="50" y="78"/>
                    <data:bbox framespan="69:69" height="123" width="68"
                        x="48" y="78"/>
                    <data:bbox framespan="70:70" height="123" width="68"
                        x="45" y="78"/>
                    <data:bbox framespan="71:71" height="123" width="68"
                        x="43" y="78"/>
                    <data:bbox framespan="72:72" height="123" width="68"
                        x="40" y="78"/>
                    <data:bbox framespan="73:73" height="123" width="68"
                        x="38" y="78"/>
                    <data:bbox framespan="74:74" height="124" width="69"
                        x="36" y="79"/>
                </attribute>
                <attribute name="Name">
                    <data:svalue value="eins"/>
                </attribute>
            </object>
            <object framespan="1:92" id="1" name="Person">
                <attribute name="Location">
                    <data:bbox framespan="1:46" height="143" width="54"
                        x="116" y="68"/>
                    <data:bbox framespan="47:47" height="143" width="55"
                        x="116" y="67"/>
                    <data:bbox framespan="48:48" height="144" width="56"
                        x="116" y="67"/>
                    <data:bbox framespan="49:49" height="144" width="57"
                        x="116" y="67"/>
                    <data:bbox framespan="50:50" height="145" width="58"
                        x="116" y="67"/>
                    <data:bbox framespan="51:51" height="145" width="59"
                        x="117" y="67"/>
                    <data:bbox framespan="52:52" height="146" width="60"
                        x="117" y="67"/>
                    <data:bbox framespan="53:53" height="146" width="61"
                        x="117" y="67"/>
                    <data:bbox framespan="54:54" height="147" width="63"
                        x="117" y="67"/>
                    <data:bbox framespan="55:55" height="147" width="64"
                        x="118" y="67"/>
                    <data:bbox framespan="56:56" height="148" width="65"
                        x="118" y="67"/>
                    <data:bbox framespan="57:57" height="148" width="66"
                        x="118" y="67"/>
                    <data:bbox framespan="58:58" height="149" width="67"
                        x="118" y="67"/>
                    <data:bbox framespan="59:59" height="149" width="68"
                        x="119" y="67"/>
                    <data:bbox framespan="60:60" height="150" width="69"
                        x="119" y="67"/>
                    <data:bbox framespan="61:61" height="150" width="71"
                        x="119" y="67"/>
                    <data:bbox framespan="62:62" height="151" width="72"
                        x="119" y="66"/>
                    <data:bbox framespan="63:63" height="151" width="73"
                        x="120" y="66"/>
                    <data:bbox framespan="64:64" height="152" width="74"
                        x="120" y="66"/>
                    <data:bbox framespan="65:65" height="152" width="75"
                        x="120" y="66"/>
                    <data:bbox framespan="66:66" height="153" width="76"
                        x="120" y="66"/>
                    <data:bbox framespan="67:67" height="153" width="77"
                        x="121" y="66"/>
                    <data:bbox framespan="68:68" height="154" width="78"
                        x="121" y="66"/>
                    <data:bbox framespan="69:69" height="154" width="80"
                        x="121" y="66"/>
                    <data:bbox framespan="70:70" height="155" width="81"
                        x="121" y="66"/>
                    <data:bbox framespan="71:71" height="155" width="82"
                        x="122" y="66"/>
                    <data:bbox framespan="72:72" height="156" width="83"
                        x="122" y="66"/>
                    <data:bbox framespan="73:73" height="156" width="84"
                        x="122" y="66"/>
                    <data:bbox framespan="74:74" height="157" width="85"
                        x="122" y="66"/>
                    <data:bbox framespan="75:75" height="157" width="86"
                        x="123" y="66"/>
                    <data:bbox framespan="76:76" height="158" width="88"
                        x="123" y="66"/>
                    <data:bbox framespan="77:77" height="158" width="89"
                        x="123" y="65"/>
                    <data:bbox framespan="78:78" height="159" width="90"
                        x="123" y="65"/>
                    <data:bbox framespan="79:79" height="159" width="91"
                        x="124" y="65"/>
                    <data:bbox framespan="80:80" height="160" width="92"
                        x="124" y="65"/>
                    <data:bbox framespan="81:81" height="160" width="93"
                        x="124" y="65"/>
                    <data:bbox framespan="82:82" height="161" width="94"
                        x="124" y="65"/>
                    <data:bbox framespan="83:83" height="161" width="95"
                        x="125" y="65"/>
                    <data:bbox framespan="84:84" height="162" width="97"
                        x="125" y="65"/>
                    <data:bbox framespan="85:85" height="162" width="98"
                        x="125" y="65"/>
                    <data:bbox framespan="86:86" height="163" width="99"
                        x="125" y="65"/>
                    <data:bbox framespan="87:87" height="163"
                        width="100" x="126" y="65"/>
                    <data:bbox framespan="88:88" height="164"
                        width="101" x="126" y="65"/>
                    <data:bbox framespan="89:89" height="164"
                        width="102" x="126" y="65"/>
                    <data:bbox framespan="90:90" height="165"
                        width="103" x="126" y="65"/>
                    <data:bbox framespan="91:92" height="166"
                        width="105" x="127" y="65"/>
                </attribute>
                <attribute name="Name">
                    <data:svalue value="zwei"/>
                </attribute>
            </object>
        </sourcefile>
    </data>
</viper>
